<?xml version="1.0" encoding="UTF-8" standalone="no"?>
<testsuite errors="0" failures="1" name="io.cucumber.core.plugin.JUnitFormatter" skipped="0" tests="8" time="207.565">
    <testcase classname="Attendanywhere User Login Test" name="URL is leading us into the correct page" time="10.893">
        <system-out><![CDATA[Given user opens the browser................................................passed
When user enters the URL....................................................passed
Then validate User is on sign in page.......................................passed
]]></system-out>
    </testcase>
    <testcase classname="Attendanywhere User Login Test" name="display hints for the username and password fields" time="12.848">
        <system-out><![CDATA[Given the user nevigate to login url........................................passed
When the user checks username text field....................................passed
And the user checks password text field.....................................passed
Then username displays hint as email........................................passed
And password displays hint as password......................................passed
]]></system-out>
    </testcase>
    <testcase classname="Attendanywhere User Login Test" name="validate that checkbox 'Keep me signed in' is positioned between password field and sign in button" time="17.116">
        <system-out><![CDATA[Given the user nevigate to url..............................................passed
When the user reaches Keep me Signed in checkbox............................passed
Then Validate 'keep me signed in' checbox is between password and sign button.passed
]]></system-out>
    </testcase>
    <testcase classname="Attendanywhere User Login Test" name="validate that forgot your password? link is displayed below Sign in button" time="13.76">
        <system-out><![CDATA[Given the user nevigate to url..............................................passed
When the user reaches Forgot your password link.............................passed
Then Validate Forgot your password link is below sign in button.............passed
]]></system-out>
    </testcase>
    <testcase classname="Attendanywhere User Login Test" name="validate that all fields are visible and fields should not overlap when" time="38.256">
        <system-out><![CDATA[Given the user nevigate to url..............................................passed
When the user reduced the browser to minimum width..........................passed
Then validate that all fields are visible and clickable.....................passed
]]></system-out>
    </testcase>
    <testcase classname="Attendanywhere User Login Test" name="Enter invalid Email address and Password, an error message should be displayed" time="30.294">
        <system-out><![CDATA[Given the user nevigate to url..............................................passed
When the user enters invalid email..........................................passed
And the user enters invalid password........................................passed
Then display the error message..............................................passed
]]></system-out>
    </testcase>
    <testcase classname="Attendanywhere User Login Test" name="Enter valid Email address and Password in the respective fields" time="34.758">
        <system-out><![CDATA[Given the user nevigate to url..............................................passed
When the user enters the valid email........................................passed
And the user enters the valid password......................................passed
Then validate that User can enter the details as expected...................passed
]]></system-out>
    </testcase>
    <testcase classname="Attendanywhere User Login Test" name="user can sign into the application when entered correct credentials" time="49.257">
        <failure message="no such element: Unable to locate element: {&quot;method&quot;:&quot;css selector&quot;,&quot;selector&quot;:&quot;#usernameInput&quot;}&#10;  (Session info: chrome=100.0.4896.75)&#10;For documentation on this error, please visit: https://selenium.dev/exceptions/#no_such_element&#10;Build info: version: '4.1.1', revision: 'e8fcc2cecf'&#10;System info: host: 'BABA-RASHEED', ip: '192.168.18.4', os.name: 'Windows 7', os.arch: 'amd64', os.version: '6.1', java.version: '16.0.2'&#10;Driver info: org.openqa.selenium.chrome.ChromeDriver&#10;Command: [9b07dfd9126e74974318cac342761e70, findElement {using=css selector, value=#usernameInput}]&#10;Capabilities {acceptInsecureCerts: false, browserName: chrome, browserVersion: 100.0.4896.75, chrome: {chromedriverVersion: 100.0.4896.60 (6a5d10861ce8..., userDataDir: C:\Users\Kashan\AppData\Loc...}, goog:chromeOptions: {debuggerAddress: localhost:58974}, javascriptEnabled: true, networkConnectionEnabled: false, pageLoadStrategy: normal, platform: WINDOWS, platformName: WINDOWS, proxy: Proxy(), se:cdp: ws://localhost:58974/devtoo..., se:cdpVersion: 100.0.4896.75, setWindowRect: true, strictFileInteractability: false, timeouts: {implicit: 0, pageLoad: 300000, script: 30000}, unhandledPromptBehavior: dismiss and notify, webauthn:extension:credBlob: true, webauthn:extension:largeBlob: true, webauthn:virtualAuthenticators: true}&#10;Session ID: 9b07dfd9126e74974318cac342761e70" type="org.openqa.selenium.NoSuchElementException"><![CDATA[Given the user nevigate to url..............................................passed
When the user enters valid email............................................failed
And the user enters valid password..........................................skipped
Then validate that user is into the homepage................................skipped

StackTrace:
org.openqa.selenium.NoSuchElementException: no such element: Unable to locate element: {"method":"css selector","selector":"#usernameInput"}
  (Session info: chrome=100.0.4896.75)
For documentation on this error, please visit: https://selenium.dev/exceptions/#no_such_element
Build info: version: '4.1.1', revision: 'e8fcc2cecf'
System info: host: 'BABA-RASHEED', ip: '192.168.18.4', os.name: 'Windows 7', os.arch: 'amd64', os.version: '6.1', java.version: '16.0.2'
Driver info: org.openqa.selenium.chrome.ChromeDriver
Command: [9b07dfd9126e74974318cac342761e70, findElement {using=css selector, value=#usernameInput}]
Capabilities {acceptInsecureCerts: false, browserName: chrome, browserVersion: 100.0.4896.75, chrome: {chromedriverVersion: 100.0.4896.60 (6a5d10861ce8..., userDataDir: C:\Users\Kashan\AppData\Loc...}, goog:chromeOptions: {debuggerAddress: localhost:58974}, javascriptEnabled: true, networkConnectionEnabled: false, pageLoadStrategy: normal, platform: WINDOWS, platformName: WINDOWS, proxy: Proxy(), se:cdp: ws://localhost:58974/devtoo..., se:cdpVersion: 100.0.4896.75, setWindowRect: true, strictFileInteractability: false, timeouts: {implicit: 0, pageLoad: 300000, script: 30000}, unhandledPromptBehavior: dismiss and notify, webauthn:extension:credBlob: true, webauthn:extension:largeBlob: true, webauthn:virtualAuthenticators: true}
Session ID: 9b07dfd9126e74974318cac342761e70
	at java.base/jdk.internal.reflect.NativeConstructorAccessorImpl.newInstance0(Native Method)
	at java.base/jdk.internal.reflect.NativeConstructorAccessorImpl.newInstance(NativeConstructorAccessorImpl.java:78)
	at java.base/jdk.internal.reflect.DelegatingConstructorAccessorImpl.newInstance(DelegatingConstructorAccessorImpl.java:45)
	at java.base/java.lang.reflect.Constructor.newInstanceWithCaller(Constructor.java:499)
	at java.base/java.lang.reflect.Constructor.newInstance(Constructor.java:480)
	at org.openqa.selenium.remote.codec.w3c.W3CHttpResponseCodec.createException(W3CHttpResponseCodec.java:200)
	at org.openqa.selenium.remote.codec.w3c.W3CHttpResponseCodec.decode(W3CHttpResponseCodec.java:133)
	at org.openqa.selenium.remote.codec.w3c.W3CHttpResponseCodec.decode(W3CHttpResponseCodec.java:53)
	at org.openqa.selenium.remote.HttpCommandExecutor.execute(HttpCommandExecutor.java:184)
	at org.openqa.selenium.remote.service.DriverCommandExecutor.invokeExecute(DriverCommandExecutor.java:167)
	at org.openqa.selenium.remote.service.DriverCommandExecutor.execute(DriverCommandExecutor.java:142)
	at org.openqa.selenium.remote.RemoteWebDriver.execute(RemoteWebDriver.java:543)
	at org.openqa.selenium.remote.ElementLocation$ElementFinder$2.findElement(ElementLocation.java:162)
	at org.openqa.selenium.remote.ElementLocation.findElement(ElementLocation.java:60)
	at org.openqa.selenium.remote.RemoteWebDriver.findElement(RemoteWebDriver.java:367)
	at org.openqa.selenium.remote.RemoteWebDriver.findElement(RemoteWebDriver.java:359)
	at pageObject.SigninPage.getUsername(SigninPage.java:25)
	at stepDefination.Test1.the_user_enters_valid_email(Test1.java:212)
	at âœ½.the user enters valid email(file:///C:/Users/Kashan/eclipse-workspace1/Assignment/src/test/java/Features/UserLogin.feature:44)
]]></failure>
    </testcase>
</testsuite>
